<?xml version="1.0" encoding="UTF-8"?>
<testsuite name="ru.stqa.pft.mantis.homework.JamesTraining" tests="1" skipped="0" failures="0" errors="0" timestamp="2026-01-30T07:15:54.075Z" hostname="RA_GIMADEYEV" time="0.03">
  <properties/>
  <testcase name="test" classname="ru.stqa.pft.mantis.homework.JamesTraining" time="0.03"/>
  <system-out><![CDATA[Login id:
root
Password:
root
Welcome root. HELP for a list of commands
adduser user1769756354081 root
User user1769756354081 added
quit
Login id:
root
Password:
root
Welcome root. HELP for a list of commands
listusers
line: user: user
line: user: user1769752242651
line: user: user1769752349573
line: user: user1769752468511
line: user: user1769756121337
line: user: user1769756136913
line: user: user1769756148658
line: user: user1769756155894
line: user: user1769756274245
line: user: user1769756354081
quit
Login id:
root
Password:
root
Welcome root. HELP for a list of commands
verify user1769756354081
User user1769756354081 exists
quit
Login id:
root
Password:
root
Welcome root. HELP for a list of commands
deluser user1769756354081
quit
Login id:
root
Password:
root
Welcome root. HELP for a list of commands
listusers
line: user: user
line: user: user1769752242651
line: user: user1769752349573
line: user: user1769752468511
line: user: user1769756121337
line: user: user1769756136913
line: user: user1769756148658
line: user: user1769756155894
line: user: user1769756274245
quit
]]></system-out>
  <system-err><![CDATA[]]></system-err>
</testsuite>
