<?xml version="1.0" encoding="UTF-8"?>
<testsuite name="ru.stqa.pft.mantis.homework.JamesTraining" tests="1" skipped="0" failures="0" errors="0" timestamp="2026-01-30T09:08:38.090Z" hostname="RA_GIMADEYEV" time="0.04">
  <properties/>
  <testcase name="test" classname="ru.stqa.pft.mantis.homework.JamesTraining" time="0.04"/>
  <system-out><![CDATA[Login id:
root
Password:
root
Welcome root. HELP for a list of commands
adduser user1769763118098 root
User user1769763118098 added
quit
Login id:
root
Password:
root
Welcome root. HELP for a list of commands
listusers
user: user
user: user1769752242651
user: user1769752349573
user: user1769752468511
user: user1769756121337
user: user1769756136913
user: user1769756148658
user: user1769756155894
user: user1769756274245
user: user1769763118098
quit
Login id:
root
Password:
root
Welcome root. HELP for a list of commands
verify user1769763118098
User user1769763118098 exists
quit
Login id:
root
Password:
root
Welcome root. HELP for a list of commands
deluser user1769763118098
quit
Login id:
root
Password:
root
Welcome root. HELP for a list of commands
listusers
user: user
user: user1769752242651
user: user1769752349573
user: user1769752468511
user: user1769756121337
user: user1769756136913
user: user1769756148658
user: user1769756155894
user: user1769756274245
quit
]]></system-out>
  <system-err><![CDATA[]]></system-err>
</testsuite>
